--------------
mysql  Ver 15.1 Distrib 10.11.14-MariaDB, for debian-linux-gnu (aarch64) using  EditLine wrapper

Connection id:		258
Current database:	
Current user:		dolibarr@172.25.0.4
SSL:			Not in use
Current pager:		stdout
Using outfile:		''
Using delimiter:	;
Server:			MariaDB
Server version:		10.6.24-MariaDB-ubu2204 mariadb.org binary distribution
Protocol version:	10
Connection:		db via TCP/IP
Server characterset:	utf8mb4
Db     characterset:	utf8mb4
Client characterset:	latin1
Conn.  characterset:	latin1
TCP port:		3306
Uptime:			5 hours 15 min 59 sec

Threads: 1  Questions: 7902  Slow queries: 0  Opens: 116  Open tables: 103  Queries per second avg: 0.416
--------------

mysql -u dolibarr -pxxxxxx -h db -P 3306 -e "SELECT SCHEMA_NAME FROM information_schema.SCHEMATA WHERE SCHEMA_NAME = 'dolibarr';" > /tmp/docker-run-checkdb.result 2>&1
DB Exists is : dolibarr
Install.lock Exists is : yes
